2020-06-25 23:24:15,259 file.manager INFO 1.2.1
2020-06-25 23:24:15,260 file.manager INFO Copyright (C) 2003-2010
2020-06-25 23:24:15,260 file.manager INFO   Noriaki Ando
2020-06-25 23:24:15,260 file.manager INFO   Intelligent Systems Research Institute, AIST
2020-06-25 23:24:15,260 file.manager INFO Manager starting.
2020-06-25 23:24:15,260 file.manager INFO Starting local logging.
2020-06-25 23:24:15,265 file.manager.namingmanager INFO NameServer connection succeeded: corba/localhost
2020-06-25 23:24:19,288 file.ManagerServant INFO Master manager not found
2020-06-25 23:24:19,288 file.LocalServiceAdmin INFO All the local services are enabled.
2020-06-25 23:24:19,290 file.manager INFO Component type conf file: sensorControl.conf loaded.
2020-06-25 23:24:19,291 file.ec_base INFO setRate(1000000.000000) done
2020-06-25 23:24:19,291 file.ec_base INFO setRate(100.000000) done
2020-06-25 23:24:19,292 file.rtobject INFO 1 execution context was created.
2020-06-25 23:24:19,294 file.rtobject INFO Initial active configuration set is default.
2020-06-25 23:24:33,374 file.ManagerServant INFO Master manager not found
2020-06-25 23:24:46,139 file.SdoServiceAdmin WARNING No available SDO service in the factory: 
2020-06-25 23:24:46,139 file.SdoServiceAdmin ERROR type  already exists.
2020-06-25 23:24:47,458 file.ManagerServant INFO Master manager not found
2020-06-25 23:25:01,550 file.ManagerServant INFO Master manager not found
2020-06-25 23:25:15,634 file.ManagerServant INFO Master manager not found
2020-06-25 23:25:29,721 file.ManagerServant INFO Master manager not found
